T 1558834325 25Â»19Â»	19Now talking on #python-dev
T 1558834325 29Â»22Â»	22Topic for #python-dev is: Python core development discussion | Read the devguide at https://devguide.python.org/
T 1558834325 29Â»22Â»	22Topic for #python-dev set by gutworth at Tue Sep  5 18:41:00 2017
T 1558834325 28-21Notice28-	21{29from ChanServ21} [#python-dev] For questions about using the Python language, join the #python channel. Type "/msg nickserv help" for registration assistance.
T 1558834417 28<191611irker55128>	03flyingosprey 10#4356/Add "key" argument to "bisect" module functions: Can anyone add "reverse" support? Key and reverse support are both functional requirement. https://bugs.python.org/issue4356
T 1558836750 28<191604Not-e6c628>	[02cpython] 07asottile opened pull request 03#13579: Fix suspicious.py to actually print the unused rules - 13https://git.io/fjRUn
T 1558836955 21Â«23-24-31-	21PileOfDirt (~DIRT@wetmoreavail-dynamic-174-137-99-226.jbntelco.com21) has Quit (Remote host closed the connection21)
T 1558837058 28<191604Not-e6c628>	[02cpython] 07asvetlov reviewed pull request 03#13548 commit - 13https://git.io/fjRUC
T 1558837061 28<191604Not-e6c628>	[02cpython] 07asvetlov reviewed pull request 03#13548 commit - 13https://git.io/fjRUW
T 1558838481 31-26-25-19Â»	19atrigent_ (~ari-_-e@unaffiliated/atrigent19) has Joined #python-dev
T 1558838489 28Â»18Â»	atrigent_ is now known as atrigent
T 1558839286 31-26-25-19Â»	19achampion (~achampion@c-67-175-251-159.hsd1.il.comcast.net19) has Joined #python-dev
T 1558839915 31-26-25-19Â»	19buttsanchez (~buttsanch@pool-173-63-194-122.nwrknj.fios.verizon.net19) has Joined #python-dev
T 1558841012 28<191604Not-e6c628>	[02cpython] 07websurfer5 opened pull request 03#13580: bpo-29699: shutil.rmtree should not fail with FileNotFoundError (race condition) - 13https://git.io/fjRUX
T 1558841457 31-26-25-19Â»	19Newami (~Newami@ip174-68-64-138.sd.sd.cox.net19) has Joined #python-dev
T 1558841550 31-26-25-19Â»	19jcea1 (~Thunderbi@2001:41d0:1:8a82:7670:6e00:7670:6e0019) has Joined #python-dev
T 1558841597 21Â«23-24-31-	21jcea (~Thunderbi@2001:41d0:1:8a82:7670:6e00:7670:6e0021) has Quit (Read error: Connection reset by peer21)
T 1558841598 28Â»18Â»	jcea1 is now known as jcea
T 1558842033 21Â«23-24-31-	21jcea (~Thunderbi@2001:41d0:1:8a82:7670:6e00:7670:6e0021) has Quit (Quit: jcea21)
T 1558842426 28<191604Not-e6c628>	[02cpython] 07tirkarthi reviewed pull request 03#13574 commit - 13https://git.io/fjRU7
T 1558842555 28<191604Not-e6c628>	[02cpython] 07tirkarthi reviewed pull request 03#13574 commit - 13https://git.io/fjRU5
T 1558843359 21Â«23-24-31-	21jdfthetech (~jdfthetec@cpe-104-174-3-76.socal.res.rr.com21) has Quit (Remote host closed the connection21)
T 1558843551 28<191611irker55128>	03websurfer5 10#29699/shutil.rmtree should not fail with FileNotFoundError (race condition): I created pull request bpo-29699 to fix this issue. It adds an additional exception handler to ignore FileNotFoundErr... https://bugs.python.org/issue29699
T 1558844276 21Â«23-24-31-	21achampion (~achampion@c-67-175-251-159.hsd1.il.comcast.net21) has Quit (Ping timeout: 268 seconds21)
T 1558844637 25Â»19Â»	19Now talking on #python-dev
T 1558844637 29Â»22Â»	22Topic for #python-dev is: Python core development discussion | Read the devguide at https://devguide.python.org/
T 1558844637 29Â»22Â»	22Topic for #python-dev set by gutworth at Tue Sep  5 18:41:00 2017
T 1558844637 28-21Notice28-	21{29from ChanServ21} [#python-dev] For questions about using the Python language, join the #python channel. Type "/msg nickserv help" for registration assistance.
T 1558844764 28<191611irker55128>	03Ma Lin 10#35360/Update SQLite to 3.26 in Windows and macOS installer builds: @Mariatta Wijaya, would you update SQLite? I want to do it myself, by following your patch in issue28791. But I f... https://bugs.python.org/issue35360
T 1558845446 28<191611irker55128>	03terry.reedy 10#37041/IDLE: path browser unusable on some displays: Another reason to replace IDLE's custom tree widget with hard-coded constants with ttk.Treeview. I am closing this... https://bugs.python.org/issue37041
T 1558845661 28<191611irker55128>	03terry.reedy 10#31552/IDLE: Convert browswers to use ttk.Treeview: I changed the type to behavior because the hard-coded pixel heights prevent the browsers form being usable on at leas... https://bugs.python.org/issue31552
T 1558846277 31-26-25-19Â»	19achampion (~achampion@c-67-175-251-159.hsd1.il.comcast.net19) has Joined #python-dev
T 1558846292 r4vi ramnes revolve_ rougeth Rovanion ruslan_m_
T 1558846384 From cffi callback <function _on_print_hook at 0x7f3126660400>:
T 1558846384 Traceback (most recent call last):
T 1558846384   File "<init code for '_hexchat_embedded'>", line 253, in _on_print_hook
T 1558846384   File "/home/bryan/.config/hexchat/addons/at.py", line 15, in keypress
T 1558846384     hexchat.notify('HI')
T 1558846384 AttributeError: module 'hexchat' has no attribute 'notify'
T 1558846662 21Â«23-24-31-	21achampion (~achampion@c-67-175-251-159.hsd1.il.comcast.net21) has Quit (Ping timeout: 258 seconds21)
T 1558846808 31-26-25-19Â»	19jdfthetech (~jdfthetec@cpe-104-174-3-76.socal.res.rr.com19) has Joined #python-dev
T 1558848020 31-26-25-19Â»	19subho (~subho@fedora/subho19) has Joined #python-dev
T 1558848129 28<191611irker55128>	03terry.reedy 10#37039/IDLE: Improve zoomheight doc and behavior.: Andre, we need to severely trim quotes when posting by email. A summary with added info. Andre: 2000 pixels / 183 ... https://bugs.python.org/issue37039
T 1558848332 31-26-25-19Â»	19achampion (~achampion@c-67-175-251-159.hsd1.il.comcast.net19) has Joined #python-dev
T 1558848632 21Â«23-24-31-	21achampion (~achampion@c-67-175-251-159.hsd1.il.comcast.net21) has Quit (Ping timeout: 272 seconds21)
T 1558850514 31-26-25-19Â»	19achampion (~achampion@c-67-175-251-159.hsd1.il.comcast.net19) has Joined #python-dev
T 1558850802 31-26-25-19Â»	19Crys (~|Crys|@python/psf/tiran19) has Joined #python-dev
T 1558850847 21Â«23-24-31-	21achampion (~achampion@c-67-175-251-159.hsd1.il.comcast.net21) has Quit (Ping timeout: 248 seconds21)
T 1558850912 28<191604Not-e6c628>	[02cpython] 07tirkarthi reviewed pull request 03#13440 commit - 13https://git.io/fjRTi
T 1558851649 21Â«23-24-31-	21atrigent (~ari-_-e@unaffiliated/atrigent21) has Quit (Ping timeout: 246 seconds21)
T 1558851674 28<191604Not-e6c628>	[02cpython] 07methane opened pull request 03#13581: Revert "[3.7] bpo-27987: Revert "align PyGC_Head to alignof(long double)" (GH-13335)" - 13https://git.io/fjRTH
T 1558853438 28<191613py-bb28>	Build x86 Gentoo Refleaks 3.6 #580 is complete: Warnings [8warnings test (warnings)] - https://buildbot.python.org/all/#builders/72/builds/580
T 1558853542 28<191604Not-e6c628>	[02cpython] 07methane reviewed pull request 03#7856 commit - 13https://git.io/fjRke
T 1558853568 28<191604Not-e6c628>	[02cpython] 07methane reviewed pull request 03#7856 commit - 13https://git.io/fjRkv
T 1558853973 31-26-25-19Â»	19atrigent (~ari-_-e@unaffiliated/atrigent19) has Joined #python-dev
T 1558854482 21Â«23-24-31-	21jdfthetech (~jdfthetec@cpe-104-174-3-76.socal.res.rr.com21) has Quit (Remote host closed the connection21)
T 1558855050 31-26-25-19Â»	19achampion (~achampion@c-67-175-251-159.hsd1.il.comcast.net19) has Joined #python-dev
T 1558855378 21Â«23-24-31-	21achampion (~achampion@c-67-175-251-159.hsd1.il.comcast.net21) has Quit (Ping timeout: 245 seconds21)
T 1558855415 28<191604Not-e6c628>	[02cpython] 07methane closed pull request 03#13516: bpo-37017: Make PyObject_CallMethodObjArgs use LOAD_METHOD optimization - 13https://git.io/fjBvN
T 1558855427 28<191604Not-e6c628>	[02python/cpython] 07methane pushed 031 commit to 03master [+1/-0/Â±1] 13https://git.io/fjRkO
T 1558855428 28<191611irker55128>	03inada.naoki 10#37017/Use LOAD_METHOD optimization in CallMethod C API functions:  New changeset 47dd2f9fd86c32a79e77fef1fbb1ce25dc929de6 by Inada Naoki (Michael J. Sullivan) in branch 'master': bpo-... https://bugs.python.org/issue37017
T 1558855429 28<191604Not-e6c628>	[02python/cpython] 07msullivan 0347dd2f9 - bpo-37017: PyObject_CallMethodObjArgs uses LOAD_METHOD optimization (GH-13516) Update PyObject_CallMethodObjArgs and _PyObject_CallMethodIdObjArgs to use _PyObject_GetMethod to avoid creating a bound method object in many cases. On a microbenchmark of PyObject_CallMethodObjArgs calling a method on an interpreted Python class, this optimization resulted in a 1.7x
T 1558855429 28<191604Not-e6c628>	speedup.
T 1558856347 28<191604Not-e6c628>	[02cpython] 07asvetlov reviewed pull request 03#13440 commit - 13https://git.io/fjRku
T 1558857039 28<191613py-bb28>	Build AMD64 FreeBSD 10-STABLE Non-Debug 3.x #1067 is complete: Success [3build successful] - https://buildbot.python.org/all/#builders/167/builds/1067
T 1558857063 28<191611irker55128>	03xtreak 10#37052/Add examples for mocking async for and async context manager in unittest.mock docs: [new] Since issue26467 implemented AsyncMock along with async dunder methods for MagicMock it enables users to mock a... https://bugs.python.org/issue37052
T 1558857736 28<191611irker55128>	03inada.naoki 10#27860/Improvements to ipaddress module: > I was wondering why it was decided against backporting to 3.7? Because I treats this is just a code cleanup. ... https://bugs.python.org/issue27860
T 1558858100 28<191604Not-e6c628>	[02cpython] 07asvetlov reviewed pull request 03#13574 commit - 13https://git.io/fjRkD
T 1558859082 28<191613py-bb28>	Build POWER6 AIX 3.x #1227 is complete: Warnings [8warnings update (failure) clean (failure)] - https://buildbot.python.org/all/#builders/161/builds/1227
T 1558859588 28<191613py-bb28>	Build x86 Windows7 3.x #2470 is complete: Success [3build successful] - https://buildbot.python.org/all/#builders/58/builds/2470
T 1558859785 21Â«23-24-31-	21sayan__ (~sayan@fedora/sayan21) has Quit (Quit: WeeChat 2.221)
T 1558859829 28<191604Not-e6c628>	[02cpython] 07ilevkivskyi closed pull request 03#13571: bpo-37045: PEP 591: Add final qualifiers to typing module - 13https://git.io/fjRee
T 1558859840 28<191604Not-e6c628>	[02python/cpython] 07ilevkivskyi pushed 031 commit to 03master [+1/-0/Â±3] 13https://git.io/fjRkb
T 1558859840 28<191611irker55128>	03levkivskyi 10#37045/Implement PEP 591: add Final qualifier and @final decorator to typing:  New changeset f367242d10ef36db38133a39ab7627f63099cba4 by Ivan Levkivskyi in branch 'master': bpo-37045: PEP 591: Ad... https://bugs.python.org/issue37045
T 1558859841 28<191604Not-e6c628>	[02python/cpython] 07ilevkivskyi 03f367242 - bpo-37045: PEP 591: Add final qualifiers to typing module (GH-13571) The implementation is straightforward, it just mimics `ClassVar` (since the latter is also a name/access qualifier, not really a type). Also it is essentially copied from `typing_extensions`.
T 1558859869 31-26-25-19Â»	19sayan (~sayan@fedora/sayan19) has Joined #python-dev
T 1558859869 28<191604Not-e6c628>	[02cpython] 07ilevkivskyi closed pull request 03#13572: bpo-37046: PEP 586: Add Literal to typing module - 13https://git.io/fjRez
T 1558859871 28<191604Not-e6c628>	[02python/cpython] 07ilevkivskyi pushed 031 commit to 03master [+1/-0/Â±3] 13https://git.io/fjRkx
T 1558859872 28<191611irker55128>	03levkivskyi 10#37046/Implement PEP 586: add Literal type constructor to typing:  New changeset b891c465bb7d38a597c5c2ad547d7b19194f4dad by Ivan Levkivskyi in branch 'master': bpo-37046: PEP 586: Ad... https://bugs.python.org/issue37046
T 1558859873 28<191604Not-e6c628>	[02python/cpython] 07ilevkivskyi 03b891c46 - bpo-37046: PEP 586: Add Literal to typing module (#13572) The implementation is straightforward and essentially is just copied from `typing_extensions`.
T 1558859965 28<191604Not-e6c628>	[02cpython] 07ilevkivskyi closed pull request 03#13573: bpo-37049: PEP 589: Add TypedDict to typing module - 13https://git.io/fjRey
T 1558859968 28<191604Not-e6c628>	[02python/cpython] 07ilevkivskyi pushed 031 commit to 03master [+1/-0/Â±3] 13https://git.io/fjRkp
T 1558859969 28<191611irker55128>	03levkivskyi 10#37049/Implement PEP 589: add TypedDict to typing:  New changeset 135c6a56e55d2f4f8718b3b9f03ce3c692b15f0f by Ivan Levkivskyi in branch 'master': bpo-37049: PEP 589: Ad... https://bugs.python.org/issue37049
T 1558859970 28<191604Not-e6c628>	[02python/cpython] 07ilevkivskyi 03135c6a5 - bpo-37049: PEP 589: Add TypedDict to typing module (GH-13573) The implementation is straightforward and essentially is just copied from `typing_extensions`.
T 1558860298 28<191613py-bb28>	Build AMD64 Fedora Rawhide 3.x #353 is complete: Warnings [8warnings test (warnings)] - https://buildbot.python.org/all/#builders/185/builds/353
T 1558860899 28<191604Not-e6c628>	[02cpython] 07shangdahao opened pull request 03#13582: bpo-31163: Added return values to pathlib.Path instance's rename and replace methods. - 13https://git.io/fjRIL
T 1558861069 28<191613py-bb28>	Build AMD64 Windows8.1 Non-Debug 3.x #2557 is complete: Failure [4failed test (failure)] - https://buildbot.python.org/all/#builders/12/builds/2557
T 1558861101 28<191613py-bb28>	Build AMD64 Fedora Rawhide 3.x #354 is complete: Failure [4failed test (failure)] - https://buildbot.python.org/all/#builders/185/builds/354
T 1558861252 28<191613py-bb28>	Build AMD64 Windows7 SP1 3.x #2326 is complete: Failure [4failed test (failure)] - https://buildbot.python.org/all/#builders/40/builds/2326
T 1558861537 31-26-25-19Â»	19achampion (~achampion@c-67-175-251-159.hsd1.il.comcast.net19) has Joined #python-dev
T 1558861538 28<191613py-bb28>	Build s390x SLES 3.x #3006 is complete: Failure [4failed test (failure)] - https://buildbot.python.org/all/#builders/16/builds/3006
T 1558861539 21Â«23-24-31-	21Newami (~Newami@ip174-68-64-138.sd.sd.cox.net21) has Quit (Read error: Connection reset by peer21)
T 1558861615 28<191613py-bb28>	Build s390x RHEL 3.x #3027 is complete: Failure [4failed test (failure)] - https://buildbot.python.org/all/#builders/21/builds/3027
T 1558861751 28<191613py-bb28>	Build AMD64 Windows10 3.x #2740 is complete: Failure [4failed test (failure)] - https://buildbot.python.org/all/#builders/3/builds/2740
T 1558861855 21Â«23-24-31-	21achampion (~achampion@c-67-175-251-159.hsd1.il.comcast.net21) has Quit (Ping timeout: 246 seconds21)
T 1558861867 28<191613py-bb28>	Build AMD64 Debian root 3.x #3006 is complete: Failure [4failed test (failure)] - https://buildbot.python.org/all/#builders/27/builds/3006
T 1558862152 28<191613py-bb28>	Build ARMv7 Debian buster 3.x #541 is complete: Failure [4failed test (failure)] - https://buildbot.python.org/all/#builders/176/builds/541
T 1558862195 28<191613py-bb28>	Build x86 Gentoo Non-Debug with X 3.x #2698 is complete: Failure [4failed test (failure)] - https://buildbot.python.org/all/#builders/99/builds/2698
T 1558862237 28<191613py-bb28>	Build POWER6 AIX 3.x #1228 is complete: Failure [4failed test (failure)] - https://buildbot.python.org/all/#builders/161/builds/1228
T 1558862315 28<191613py-bb28>	Build AMD64 Clang UBSan 3.x #1821 is complete: Failure [4failed test (failure)] - https://buildbot.python.org/all/#builders/135/builds/1821
T 1558862358 28<191611irker55128>	03SilentGhost 10#37049/Implement PEP 589: add TypedDict to typing: Either 135c6a56e55d2f4f8718b3b9f03ce3c692b15f0f or b891c465bb7d38a597c5c2ad547d7b19194f4dad (#37046) broke the build.... https://bugs.python.org/issue37049
T 1558862507 28<191613py-bb28>	Build PPC64 Fedora 3.x #3013 is complete: Failure [4failed test (failure)] - https://buildbot.python.org/all/#builders/53/builds/3013
T 1558862868 28<191613py-bb28>	Build x86-64 High Sierra 3.x #1705 is complete: Failure [4failed test (failure)] - https://buildbot.python.org/all/#builders/145/builds/1705
T 1558862942 28<191613py-bb28>	Build AMD64 FreeBSD 10-STABLE Non-Debug 3.x #1069 is complete: Failure [4failed test (failure)] - https://buildbot.python.org/all/#builders/167/builds/1069
T 1558863097 28<191613py-bb28>	Build PPC64LE Fedora 3.x #2834 is complete: Failure [4failed test (failure)] - https://buildbot.python.org/all/#builders/85/builds/2834
T 1558863222 28<191613py-bb28>	Build s390x Debian 3.x #3040 is complete: Failure [4failed test (failure)] - https://buildbot.python.org/all/#builders/13/builds/3040
T 1558863276 28<191613py-bb28>	Build AMD64 Debian PGO 3.x #2874 is complete: Warnings [8warnings test (warnings)] - https://buildbot.python.org/all/#builders/47/builds/2874
T 1558863373 21Â«23-24-31-	21subho (~subho@fedora/subho21) has Quit (Quit: laptop going to sleep. ZZZzzzâ€¦21)
T 1558864560 28<191604Not-e6c628>	[02cpython] 07asvetlov reviewed pull request 03#13317 commit - 13https://git.io/fjRI7
T 1558865369 28<191611irker55128>	03asvetlov 10#36686/Docs: asyncio.loop.subprocess_exec documentation is confusing, it's not clear how to inherit stdin, stdout or stderr in the subprocess: Pull Request is welcome! https://bugs.python.org/issue36686
T 1558865370 28<191613py-bb28>	Build AMD64 Ubuntu Shared 3.x #1824 is complete: Failure [4failed test (failure)] - https://buildbot.python.org/all/#builders/141/builds/1824
T 1558865390 21Â«23-24-31-	21orivej (orivej@gateway/vpn/mullvad/orivej21) has Quit (Ping timeout: 272 seconds21)
T 1558865618 31-26-25-19Â»	19jdfthetech (~jdfthetec@cpe-104-174-3-76.socal.res.rr.com19) has Joined #python-dev
T 1558866160 28<191611irker55128>	03aroberge 10#37041/IDLE: path browser unusable on some displays: I ran the example you gave and it worked perfectly. https://bugs.python.org/issue37041
T 1558866305 28<191613py-bb28>	Build AMD64 Debian PGO 3.x #2875 is complete: Failure [4failed test (failure)] - https://buildbot.python.org/all/#builders/47/builds/2875
T 1558866385 28<191604Not-e6c628>	[02cpython] 07asvetlov reviewed pull request 03#13577 commit - 13https://git.io/fjRLq
T 1558866847 28<191611irker55128>	03remi.lapeyre 10#4356/Add "key" argument to "bisect" module functions: I think it could be done with `key=lambda item: -item` if the key argument is added. https://bugs.python.org/issue4356
T 1558866877 21Â«23-24-31-	21atrigent (~ari-_-e@unaffiliated/atrigent21) has Quit (Quit: Leaving21)
T 1558867928 28<191613py-bb28>	Build x86 Windows7 3.x #2472 is complete: Warnings [8warnings test (warnings)] - https://buildbot.python.org/all/#builders/58/builds/2472
T 1558868555 31-26-25-19Â»	19subho (~subho@fedora/subho19) has Joined #python-dev
T 1558868685 31-26-25-19Â»	19achampion (~achampion@c-67-175-251-159.hsd1.il.comcast.net19) has Joined #python-dev
T 1558869066 21Â«23-24-31-	21achampion (~achampion@c-67-175-251-159.hsd1.il.comcast.net21) has Quit (Ping timeout: 268 seconds21)
T 1558869482 31-26-25-19Â»	19is_null (~jpic@pdpc/supporter/professional/is-null19) has Joined #python-dev
T 1558869633 31-26-25-19Â»	19atrigent (~ari-_-e@unaffiliated/atrigent19) has Joined #python-dev
T 1558869961 21Â«23-24-31-	21atrigent (~ari-_-e@unaffiliated/atrigent21) has Quit (Ping timeout: 258 seconds21)
T 1558870555 28<191611irker55128>	03serhiy.storchaka 10#37039/IDLE: Improve zoomheight doc and behavior.: I do not have "Zoom/Restore Height". I have only "Restore Height" which maximizes the height. The result looks identi... https://bugs.python.org/issue37039
T 1558870855 31-26-25-19Â»	19achampion (~achampion@c-67-175-251-159.hsd1.il.comcast.net19) has Joined #python-dev
T 1558870957 28Â»18Â»	acetakwas is now known as ctkws
T 1558871138 21Â«23-24-31-	21achampion (~achampion@c-67-175-251-159.hsd1.il.comcast.net21) has Quit (Ping timeout: 268 seconds21)
T 1558872019 31-26-25-19Â»	19achampion (~achampion@c-67-175-251-159.hsd1.il.comcast.net19) has Joined #python-dev
T 1558872880 31-26-25-19Â»	19jcea (~Thunderbi@2001:41d0:1:8a82:7670:6e00:7670:6e0019) has Joined #python-dev
T 1558873251 21Â«23-24-31-	21jcea (~Thunderbi@2001:41d0:1:8a82:7670:6e00:7670:6e0021) has Quit (Remote host closed the connection21)
T 1558873477 31-26-25-19Â»	19jcea (~Thunderbi@2001:41d0:1:8a82:7670:6e00:7670:6e0019) has Joined #python-dev
T 1558873494 21Â«23-24-31-	21subho (~subho@fedora/subho21) has Quit (Quit: laptop going to sleep. ZZZzzzâ€¦21)
T 1558873765 21Â«23-24-31-	21veremitz (~veremit@unaffiliated/veremit21) has Quit (Quit: ZNC - http://znc.in21)
T 1558873820 31-26-25-19Â»	19veremitz (~veremit@unaffiliated/veremit19) has Joined #python-dev
T 1558874047 21Â«23-24-31-	21achampion (~achampion@c-67-175-251-159.hsd1.il.comcast.net21) has Quit (Ping timeout: 248 seconds21)
T 1558874195 21Â«23-24-31-	21puxlit (~puxlit@unaffiliated/puxlit21) has Quit (Quit: Maintenance21)
T 1558874493 28<191611irker55128>	03yan12125 10#37053/Tools/parser/unparse.py does not handle u"bar" correctly: [new] Currently (135c6a56e55d2f4f8718b3b9f03ce3c692b15f0f) the following test fails: ./python -m test.regrtest -v ... https://bugs.python.org/issue37053
T 1558874550 31-26-25-19Â»	19puxlit (~puxlit@unaffiliated/puxlit19) has Joined #python-dev
T 1558874724 28<191611irker55128>	03yan12125 10#37049/Implement PEP 589: add TypedDict to typing: Regarding the round-trip issue in Lib/test/test_typing.py mentioned by SilentGhost: Apparently the following line ... https://bugs.python.org/issue37049
T 1558875967 21Â«23-24-31-	21buttsanchez (~buttsanch@pool-173-63-194-122.nwrknj.fios.verizon.net21) has Quit (Ping timeout: 248 seconds21)
T 1558877645 31-26-25-19Â»	19achampion (~achampion@c-67-175-251-159.hsd1.il.comcast.net19) has Joined #python-dev
T 1558877718 31-26-25-19Â»	19buttsanchez (~buttsanch@pool-173-63-194-122.nwrknj.fios.verizon.net19) has Joined #python-dev
T 1558878899 28<191611irker55128>	03NeilGirdhar 10#4356/Add "key" argument to "bisect" module functions: The problem with `key=lambda item: -item` is that item cannot always be easily negated. For example, tuples are ofte... https://bugs.python.org/issue4356
T 1558879690 21Â«23-24-31-	21achampion (~achampion@c-67-175-251-159.hsd1.il.comcast.net21) has Quit (Ping timeout: 258 seconds21)
T 1558880748 28<191604Not-e6c628>	[02cpython] 07markshannon closed pull request 03#13157: bpo-28866: No type cache for types with specialized mro, invalidation is hard. - 13https://git.io/fjcWI
T 1558880751 28<191604Not-e6c628>	[02python/cpython] 07markshannon pushed 031 commit to 03master [+1/-0/Â±1] 13https://git.io/fjRmq
T 1558880752 28<191611irker55128>	03remi.lapeyre 10#4356/Add "key" argument to "bisect" module functions: Can you not use functools.cmp_to_key() for this? Here's an example: >>> import bisect, functools >>> l = [('... https://bugs.python.org/issue4356
T 1558880753 28<191611irker55128>	03Mark.Shannon 10#28866/Type cache is not correctly invalidated on a class defining mro():  New changeset 180dc1b0f4a57c3f66351568ae8488fa8576d7f0 by Mark Shannon (Julien Palard) in branch 'master': bpo-28866... https://bugs.python.org/issue28866
T 1558880753 28<191604Not-e6c628>	[02python/cpython] 07JulienPalard 03180dc1b - bpo-28866: No type cache for types with specialized mro, invalidation is hard. (#13157) * No type cache for types with specialized mro, invalidation is hard. * FIX: Don't disable method cache custom types that do not implement mro(). * fixing implem. * Avoid storing error flags, also decref. * news entry * Clear as soon as we're getting an error. * FIX: Reference
T 1558880753 28<191604Not-e6c628>	leak.
T 1558880841 31-26-25-19Â»	19subho (~subho@fedora/subho19) has Joined #python-dev
T 1558880890 28<191604Not-e6c628>	[02cpython] 07markshannon closed pull request 03#13203: [3.7] bpo-27639: Correct return type for UserList slicing operation - 13https://git.io/fjcdT
T 1558880894 28<191611irker55128>	03Mark.Shannon 10#27639/UserList.__getitem__ doesn't account for slices:  New changeset f3d909428c7c61ea32e8fbb9c8b48344e7904a53 by Mark Shannon (Michael Blahay) in branch '3.7': BPO-27639: ... https://bugs.python.org/issue27639
T 1558881054 28<191604Not-e6c628>	[02cpython] 07jaraco closed pull request 03#13575: Fix highlighting in importlib.metadata docs - 13https://git.io/fjRv7
T 1558881055 28<191604Not-e6c628>	[02python/cpython] 07jaraco pushed 031 commit to 03master [+0/-0/Â±2] 13https://git.io/fjRmY
T 1558881057 28<191604Not-e6c628>	[02python/cpython] 07asottile 0322ccb0b - Fix highlighting in importlib.metadata docs (GH-13575)
T 1558881710 28<191613py-bb28>	Build AMD64 Fedora Rawhide Clang Installed 3.x #309 is complete: Warnings [8warnings test (warnings)] - https://buildbot.python.org/all/#builders/188/builds/309
T 1558882359 28<191604Not-e6c628>	[02cpython] 07ZackerySpytz reviewed pull request 03#12632 commit - 13https://git.io/fjRmB
T 1558882480 28<191611irker55128>	03pitrou 10#37054/Ignored exceptions in test_memoryio: [new] I see the following kind of exceptions when running test_memoryio: Exception ignored in: <function IOBase.__... https://bugs.python.org/issue37054
T 1558882829 21Â«23-24-31-	21buttsanchez (~buttsanch@pool-173-63-194-122.nwrknj.fios.verizon.net21) has Quit (Read error: Connection reset by peer21)
T 1558883162 28Â»18Â»	ctkws is now known as acetakwas
T 1558883410 28<191604Not-e6c628>	[02cpython] 07pitrou closed pull request 03#7076: bpo-36785: PEP 574 implementation - 13https://git.io/fjRmD
T 1558883414 28<191604Not-e6c628>	[02python/cpython] 07pitrou pushed 031 commit to 03master [+4/-0/Â±15] 13https://git.io/fjRmy
T 1558883414 28<191611irker55128>	03pitrou 10#36785/Implement PEP 574:  New changeset 91f4380cedbae32b49adbea2518014a5624c6523 by Antoine Pitrou in branch 'master': bpo-36785: PEP 574 impl... https://bugs.python.org/issue36785
T 1558883415 28<191604Not-e6c628>	[02python/cpython] 07pitrou 0391f4380 - bpo-36785: PEP 574 implementation (GH-7076)
T 1558883765 28<191613py-bb28>	Build AMD64 FreeBSD 10-STABLE Non-Debug 3.7 #446 is complete: Success [3build successful] - https://buildbot.python.org/all/#builders/170/builds/446
T 1558883802 28<191611irker55128>	03levkivskyi 10#37053/Tools/parser/unparse.py does not handle u"bar" correctly: On the other hand, if this causes troubles, feel free to just replace u"bar" with "bar" in that test. It is not reall... https://bugs.python.org/issue37053
T 1558883844 31-26-25-19Â»	19achampion (~achampion@c-67-175-251-159.hsd1.il.comcast.net19) has Joined #python-dev
T 1558884106 21Â«23-24-31-	21achampion (~achampion@c-67-175-251-159.hsd1.il.comcast.net21) has Quit (Ping timeout: 258 seconds21)
T 1558884314 28<191613py-bb28>	Build AMD64 Fedora Rawhide Clang Installed 3.x #310 is complete: Success [3build successful] - https://buildbot.python.org/all/#builders/188/builds/310
T 1558884867 28<191613py-bb28>	Build x86 Windows7 3.x #2473 is complete: Success [3build successful] - https://buildbot.python.org/all/#builders/58/builds/2473
T 1558885413 31-26-25-19Â»	19Zaab1t (~Thunderbi@unaffiliated/zaab1t19) has Joined #python-dev
T 1558885748 21Â«23-24-31-	21Zaab1t (~Thunderbi@unaffiliated/zaab1t21) has Quit (Remote host closed the connection21)
T 1558886244 28<191611irker55128>	03christian.heimes 10#37048/ssl module: QUIC support for HTTP/3: Thanks for your feedback! So far I actively refrained from exposing or implementing any encryption primitives and ... https://bugs.python.org/issue37048
T 1558886932 28<191611irker55128>	03remi.lapeyre 10#37055/Numerous warnings with blake2 module: [new] Issue 33164 (commit 51aa35e9e17eef60d04add9619fe2a7eb938358c) introduced numerous new warnings on MacOS: /Us... https://bugs.python.org/issue37055
T 1558887580 21Â«23-24-31-	21subho (~subho@fedora/subho21) has Quit (Quit: laptop going to sleep. ZZZzzzâ€¦21)
T 1558888109 28<191611irker55128>	03rhettinger 10#37021/Can _random.getrandbits() be converted to METH_FASTCALL?: This looks good. Thanks. https://bugs.python.org/issue37021
T 1558888332 28<191611irker55128>	03remi.lapeyre 10#37011/pdb: restore original tracing function instead of sys.settrace(None): > The proposed change is not backward compatible. Indeed, I missed that thanks. I think I could fix that. > A m... https://bugs.python.org/issue37011
T 1558888334 28<191611irker55128>	03christian.heimes 10#37055/Numerous warnings with blake2 module: The file blake2ns.h renames some of the exported constants to prefix them with PyBlake2_foo. The file needs to be upd... https://bugs.python.org/issue37055
T 1558888366 28<191611irker55128>	03gvanrossum 10#37053/Tools/parser/unparse.py does not handle u"bar" correctly: Please submit a PR. https://bugs.python.org/issue37053
T 1558888463 28<191604Not-e6c628>	[02cpython] 07rhettinger reviewed pull request 03#13048 commit - 13https://git.io/fjRYH
T 1558888566 28<191611irker55128>	03pablogsal 10#37056/test_tools is failing on several buildbots: [new] BUILDBOT FAILURE REPORT ======================= Builder name: AMD64 Debian root 3.x Builder url: https://b... https://bugs.python.org/issue37056
T 1558888630 28<191611irker55128>	03pablogsal 10#37056/test_tools is failing on several buildbots: This seems a failure caused after merging either PEP589 or PEP586 https://bugs.python.org/issue37056
T 1558888767 28<191611irker55128>	03xtreak 10#37056/test_tools is failing on several buildbots: See also https://bugs.python.org/issue37053 https://bugs.python.org/issue37056
T 1558888812 28<191611irker55128>	03levkivskyi 10#37056/test_tools is failing on several buildbots: [closed] Duplicate of https://bugs.python.org/issue37053 https://bugs.python.org/issue37056
T 1558889147 28<191611irker55128>	03terry.reedy 10#37039/IDLE: Improve zoomheight doc and behavior.: When you start, it should say 'Zoom Height', then 'Restore Height' after you maximize. But if on a screen small enou... https://bugs.python.org/issue37039
T 1558889189 28<191604Not-e6c628>	[02cpython] 07yan12125 opened pull request 03#13583: bpo-37053: handle strings like u"bar" correctly in Tools/parser/unparse.py - 13https://git.io/fjRYd
T 1558889627 28<191604Not-e6c628>	[02cpython] 07rhettinger reviewed pull request 03#11781 commit - 13https://git.io/fjRYp
T 1558889768 28<191611irker55128>	03yan12125 10#37053/Tools/parser/unparse.py does not handle u"bar" correctly: After reading Python/ast.c, I think my patch is correct, so I submitted it to GitHub as https://github.com/python/cpy... https://bugs.python.org/issue37053
T 1558889979 28<191604Not-e6c628>	[02cpython] 07rhettinger reviewed pull request 03#11781 commit - 13https://git.io/fjROY
T 1558890356 21Â«23-24-31-	21eamanu (~eamanu@181.92.79.11221) has Quit (Ping timeout: 272 seconds21)
T 1558890501 28<191604Not-e6c628>	[02cpython] 07miss-islington closed pull request 03#13583: bpo-37053: handle strings like u"bar" correctly in Tools/parser/unparse.py - 13https://git.io/fjRYd
T 1558890503 28<191611irker55128>	03miss-islington 10#37053/Tools/parser/unparse.py does not handle u"bar" correctly:  New changeset aaf47caf35984e614d93bd8bea5227df55e0e3e6 by Miss Islington (bot) (Chih-Hsuan Yen) in branch 'master': ... https://bugs.python.org/issue37053
T 1558890503 28<191604Not-e6c628>	[02python/cpython] 07miss-islington pushed 031 commit to 03master [+1/-0/Â±2] 13https://git.io/fjROc
T 1558890504 28<191604Not-e6c628>	[02python/cpython] 07yan12125 03aaf47ca - bpo-37053: handle strings like u"bar" correctly in Tools/parser/unparse.py (GH-13583) Constant.kind is added in https://bugs.python.org/issue36280. Current possible values for Constant.kind are "u" or None. For r'bar' and b'bar', Constant.kind value is None, so there's no need for special handling. https://bugs.python.org/issue37053
T 1558890557 28<191604Not-e6c628>	[02cpython] 07rhettinger reviewed pull request 03#13048 commit - 13https://git.io/fjROW
T 1558890639 28<191611irker55128>	03pablogsal 10#37053/Tools/parser/unparse.py does not handle u"bar" correctly: [closed] Confirmed that this fixes the broken buildbots: ./python -m test test_tools -vvvv -uall -m test_files ==... https://bugs.python.org/issue37053
T 1558890701 28Â»18Â»	dude-xx is now known as dude-x
T 1558890881 28<191613py-bb28>	Build AMD64 Fedora Rawhide 3.x #357 is complete: Success [3build successful] - https://buildbot.python.org/all/#builders/185/builds/357
T 1558891131 28<191613py-bb28>	Build AMD64 Windows8.1 Non-Debug 3.x #2560 is complete: Success [3build successful] - https://buildbot.python.org/all/#builders/12/builds/2560
T 1558891175 28<191604Not-e6c628>	[02cpython] 07rhettinger reviewed pull request 03#13048 commit - 13https://git.io/fjROz
T 1558891240 28<191613py-bb28>	Build AMD64 Windows7 SP1 3.x #2329 is complete: Success [3build successful] - https://buildbot.python.org/all/#builders/40/builds/2329
T 1558891325 28<191613py-bb28>	Build AMD64 Windows10 3.x #2743 is complete: Success [3build successful] - https://buildbot.python.org/all/#builders/3/builds/2743
T 1558891341 28<191613py-bb28>	Build s390x SLES 3.x #3009 is complete: Success [3build successful] - https://buildbot.python.org/all/#builders/16/builds/3009
T 1558891371 28<191613py-bb28>	Build s390x RHEL 3.x #3030 is complete: Success [3build successful] - https://buildbot.python.org/all/#builders/21/builds/3030
T 1558891529 28<191613py-bb28>	Build ARMv7 Debian buster 3.x #544 is complete: Success [3build successful] - https://buildbot.python.org/all/#builders/176/builds/544
T 1558891545 28<191613py-bb28>	Build AMD64 Debian root 3.x #3009 is complete: Success [3build successful] - https://buildbot.python.org/all/#builders/27/builds/3009
T 1558891645 28<191613py-bb28>	Build x86 Gentoo Non-Debug with X 3.x #2701 is complete: Success [3build successful] - https://buildbot.python.org/all/#builders/99/builds/2701
T 1558891729 28<191613py-bb28>	Build s390x Debian 3.x #3043 is complete: Success [3build successful] - https://buildbot.python.org/all/#builders/13/builds/3043
T 1558891775 28<191613py-bb28>	Build AMD64 Clang UBSan 3.x #1824 is complete: Warnings [8warnings test (warnings)] - https://buildbot.python.org/all/#builders/135/builds/1824
T 1558891805 28<191611irker55128>	03mbussonn 10#37057/suspicious.py sphinx extension access non-existing attribute.: [new] On a local branch with some modified docs ``` Traceback (most recent call last): File "/Users/bussonnierm... https://bugs.python.org/issue37057
T 1558891858 28<191613py-bb28>	Build PPC64 Fedora 3.x #3016 is complete: Success [3build successful] - https://buildbot.python.org/all/#builders/53/builds/3016
T 1558891929 28<191613py-bb28>	Build AMD64 FreeBSD 10-STABLE Non-Debug 3.x #1072 is complete: Success [3build successful] - https://buildbot.python.org/all/#builders/167/builds/1072
T 1558891946 28<191613py-bb28>	Build PPC64LE Fedora 3.x #2837 is complete: Success [3build successful] - https://buildbot.python.org/all/#builders/85/builds/2837
T 1558891959 28<191611irker55128>	03mblahay 10#27639/UserList.__getitem__ doesn't account for slices: Thank you Mark. Everything for this one is complete. The issue may be closed. https://bugs.python.org/issue27639
T 1558891982 28<191613py-bb28>	Build x86-64 High Sierra 3.x #1708 is complete: Success [3build successful] - https://buildbot.python.org/all/#builders/145/builds/1708
T 1558892089 28<191611irker55128>	03SilentGhost 10#37057/suspicious.py sphinx extension access non-existing attribute.: This looks like a duplicate of #36853. Do you happen to have sphinx 2 installed? https://bugs.python.org/issue37057
T 1558892195 31-26-25-19Â»	19subho (~subho@fedora/subho19) has Joined #python-dev
T 1558892269 28<191611irker55128>	03mbussonn 10#37057/suspicious.py sphinx extension access non-existing attribute.: Oh yeah, I do... and you are right this is duplicate. https://bugs.python.org/issue37057
T 1558893242 28<191611irker55128>	03xtreak 10#35753/Importing call from unittest.mock directly causes ValueError: > The actual bug appears to be "doctest can't run on a module that contains un-unwrappable objects" Is it the belo... https://bugs.python.org/issue35753
T 1558893250 28<191613py-bb28>	Build AMD64 Ubuntu Shared 3.x #1827 is complete: Success [3build successful] - https://buildbot.python.org/all/#builders/141/builds/1827
T 1558893431 28<191611irker55128>	03xtreak 10#36853/inconsistencies in docs builds (Sphinx 2): See also https://github.com/python/cpython/pull/13579 that replaces self.warn with self.logger.warn in Doc/tools/exte... https://bugs.python.org/issue36853
T 1558893588 28<191613py-bb28>	Build AMD64 Debian PGO 3.x #2878 is complete: Success [3build successful] - https://buildbot.python.org/all/#builders/47/builds/2878
T 1558893638 31-26-25-19Â»	19Zaab1t (~Thunderbi@unaffiliated/zaab1t19) has Joined #python-dev
T 1558893695 31-26-25-19Â»	19Newami (~Newami@ip174-68-64-138.sd.sd.cox.net19) has Joined #python-dev
T 1558893794 21Â«23-24-31-	21Zaab1t (~Thunderbi@unaffiliated/zaab1t21) has Quit (Remote host closed the connection21)
T 1558893880 28<191604Not-e6c628>	[02cpython] 07tirkarthi reviewed pull request 03#13579 commit - 13https://git.io/fjROp
T 1558894234 31-26-25-19Â»	19orivej (orivej@gateway/vpn/mullvad/orivej19) has Joined #python-dev
T 1558894349 28<191604Not-e6c628>	[02cpython] 07asottile reviewed pull request 03#13579 commit - 13https://git.io/fjR3J
T 1558894648 28<191604Not-e6c628>	[02cpython] 07tirkarthi reviewed pull request 03#13577 commit - 13https://git.io/fjR3T
T 1558895257 28<191604Not-e6c628>	[02cpython] 07rhettinger closed pull request 03#13048: bpo-36772 Allow lru_cache to be used as decorator without making a function call - 13https://git.io/fjZit
T 1558895264 28<191604Not-e6c628>	[02python/cpython] 07rhettinger pushed 031 commit to 03master [+1/-0/Â±4] 13https://git.io/fjR3s
T 1558895265 28<191611irker55128>	03rhettinger 10#36772/Let lru_cache be used as a decorator with no arguments:  New changeset b821868e6d909f4805499db519ebc2cdc01cf611 by Raymond Hettinger in branch 'master': bpo-36772 Allow lru_... https://bugs.python.org/issue36772
T 1558895266 28<191604Not-e6c628>	[02python/cpython] 07rhettinger 03b821868 - bpo-36772 Allow lru_cache to be used as decorator without making a function call (GH-13048)
T 1558895486 21Â«23-24-31-	21subho (~subho@fedora/subho21) has Quit (Quit: laptop going to sleep. ZZZzzzâ€¦21)
T 1558895518 28<191604Not-e6c628>	[02cpython] 07Carreau reviewed pull request 03#13577 commit - 13https://git.io/fjR3Z
T 1558895685 28<191604Not-e6c628>	[02cpython] 07rhettinger reviewed pull request 03#13138 commit - 13https://git.io/fjR3n
T 1558896734 28<191611irker55128>	03levkivskyi 10#37058/Implement PEP 544: add Protocol to typing: [new] The implementation would be basically copying some code from `typing_extension` and fixing some important known... https://bugs.python.org/issue37058
T 1558896801 28<191611irker55128>	03xdegaye 10#37011/pdb: restore original tracing function instead of sys.settrace(None): > Is getting accurate coverage reports not enough? But it does not achieve that goal, does it ? https://bugs.python.org/issue37011
T 1558897334 28<191604Not-e6c628>	[02cpython] 07shihai1991 opened pull request 03#13584: bpo-33071: removed outdated PyPI docs - 13https://git.io/fjR3w
T 1558897390 31-26-25-19Â»	19altendky (uid135382@gateway/web/irccloud.com/x-lfiretnkqrnynnso19) has Joined #python-dev
T 1558897406 28<191604Not-e6c628>	[02cpython] 07ilevkivskyi opened pull request 03#13585: bpo-37058: Add Protocol to typing module - 13https://git.io/fjR3o
T 1558897521 21Â«23-24-31-	21Newami (~Newami@ip174-68-64-138.sd.sd.cox.net21) has Quit (Read error: Connection reset by peer21)
T 1558897912 28<191611irker55128>	03jaraco 10#36853/inconsistencies in docs builds (Sphinx 2): > I've just locally ran sphinx 2.0.0 on 071cbd4ea1 (the current tip of your PR) and I'm not getting any error, which ... https://bugs.python.org/issue36853
T 1558898185 28<191604Not-e6c628>	[02cpython] 07sbstp opened pull request 03#13586: bpo-36686: Improve the documentation of the std* params in loop.subprocess_exec - 13https://git.io/fjR3M
T 1558898505 28<191604Not-e6c628>	[02cpython] 07rhettinger opened pull request 03#13587: bpo-37051: Refine note on what objects are hashable - 13https://git.io/fjR39
T 1558898920 28<191611irker55128>	03shihai1991 10#33071/Document that PyPI no longer requires 'register': hi, everyone. I am a freshman,so let me do it from easy issues:) https://bugs.python.org/issue33071
T 1558899381 28<191604Not-e6c628>	[02cpython] 07mariocj89 reviewed pull request 03#13574 commit - 13https://git.io/fjR3x
T 1558900744 31-26-25-19Â»	19darksun (~darksun@unaffiliated/darksun19) has Joined #python-dev
T 1558901257 31-26-25-19Â»	19Zaab1t (~Thunderbi@unaffiliated/zaab1t19) has Joined #python-dev
T 1558901430 21Â«23-24-31-	21Zaab1t (~Thunderbi@unaffiliated/zaab1t21) has Quit (Remote host closed the connection21)
T 1558902510 28<191611irker55128>	03erika1998 10#37059/Pre-compile Directive to Remind Coders that Men are Pigs: [new] Guido Van Rossum recently let the community know that sexism is keeping women away from Python. A simple direct... https://bugs.python.org/issue37059
T 1558903982 21Â«23-24-31-	21cstratak_ (~cstratak@95.82.135.19121) has Quit (Ping timeout: 258 seconds21)
T 1558904042 31-26-25-19Â»	19atrigent (~ari-_-e@unaffiliated/atrigent19) has Joined #python-dev
T 1558904161 28<191611irker55128>	03vstinner 10#28866/Type cache is not correctly invalidated on a class defining mro(): Well done Julien ðŸ˜‰ https://bugs.python.org/issue28866
T 1558904364 28<191611irker55128>	03vstinner 10#28866/Type cache is not correctly invalidated on a class defining mro(): Python 2.7 and 3 7 should be fixed as well, no? https://bugs.python.org/issue28866
T 1558906057 28<191604Not-e6c628>	[02cpython] 07ilevkivskyi opened pull request 03#13588: bpo-37045: Add one more test for typing.Final - 13https://git.io/fjRGf
T 1558906163 28<191604Not-e6c628>	[02cpython] 07asvetlov reviewed pull request 03#13586 commit - 13https://git.io/fjRGU
T 1558906696 21Â«23-24-31-	21atrigent (~ari-_-e@unaffiliated/atrigent21) has Quit (Ping timeout: 272 seconds21)
T 1558906954 31-26-25-19Â»	19Newami (~Newami@ip174-68-64-138.sd.sd.cox.net19) has Joined #python-dev
T 1558906967 31-26-25-19Â»	19atrigent (~ari-_-e@unaffiliated/atrigent19) has Joined #python-dev
T 1558907415 28<191611irker55128>	03mdk 10#28866/Type cache is not correctly invalidated on a class defining mro(): I think I can backport it to 3.7, and I let you choose if 2.7 need this. https://bugs.python.org/issue28866
T 1558907456 21Â«23-24-31-	21atrigent (~ari-_-e@unaffiliated/atrigent21) has Quit (Ping timeout: 272 seconds21)
T 1558907459 28<191604Not-e6c628>	[02cpython] 07JulienPalard closed pull request 03#13117: bpo-28866: Invalidate type cache on every setattr - 13https://git.io/fjnpx
T 1558907520 28<191604Not-e6c628>	[02cpython] 07miss-islington opened pull request 03#13589: [3.7] bpo-28866: No type cache for types with specialized mro, invalidation is hard. (GH-13157) - 13https://git.io/fjRG4
T 1558907862 21Â«23-24-31-	21darksun (~darksun@unaffiliated/darksun21) has Quit (Remote host closed the connection21)
T 1558907903 31-26-25-19Â»	19eamanu (~eamanu@181.92.78.2319) has Joined #python-dev
T 1558908141 21Â«23-24-31-	21orivej (orivej@gateway/vpn/mullvad/orivej21) has Quit (Ping timeout: 258 seconds21)
T 1558908152 31-26-25-19Â»	19nsoffer (~nsoffer@46-116-124-238.bb.netvision.net.il19) has Joined #python-dev
T 1558908789 28<191611irker55128>	03rhettinger 10#17005/Add a topological sort algorithm: Attaching some of my 2013 work on this. Here are some API notes: * spell-out the name topological_sort() * all... https://bugs.python.org/issue17005
T 1558908864 28<191604Not-e6c628>	[02cpython] 07miss-islington closed pull request 03#13589: [3.7] bpo-28866: No type cache for types with specialized mro, invalidation is hard. (GH-13157) - 13https://git.io/fjRG4
T 1558908878 28<191611irker55128>	03miss-islington 10#28866/Type cache is not correctly invalidated on a class defining mro():  New changeset bfd0b7720196b9ff647cc33dafbd31a04496402c by Miss Islington (bot) in branch '3.7': [3.7] bpo-28866: No ... https://bugs.python.org/issue28866
T 1558909686 28<191613py-bb28>	Build AMD64 Fedora Rawhide Clang Installed 3.7 #84 is complete: Warnings [8warnings test (warnings)] - https://buildbot.python.org/all/#builders/195/builds/84
T 1558911870 21Â«23-24-31-	21Crys (~|Crys|@python/psf/tiran21) has Quit (Ping timeout: 258 seconds21)
T 1558911919 21Â«23-24-31-	21nsoffer (~nsoffer@46-116-124-238.bb.netvision.net.il21) has Quit (Quit: nsoffer21)
T 1558912647 28<191613py-bb28>	Build x86 Windows7 3.7 #1085 is complete: Warnings [8warnings test (warnings)] - https://buildbot.python.org/all/#builders/111/builds/1085
T 1558912754 31-26-25-19Â»	19achampion (~achampion@c-24-13-37-157.hsd1.il.comcast.net19) has Joined #python-dev
T 1558913097 31-26-25-19Â»	19atrigent (~ari-_-e@unaffiliated/atrigent19) has Joined #python-dev
T 1558913250 28<191611irker55128>	03pablogsal 10#17005/Add a topological sort algorithm: > * allow input as ordered pairs like the Unix tsort command > * allow more convenient input as dependency sequences... https://bugs.python.org/issue17005
T 1558913915 21Â«23-24-31-	21mosh (~chaos@107.161.23.11321) has Quit (Ping timeout: 248 seconds21)
T 1558914154 28<191611irker55128>	03blueyed 10#37011/pdb: restore original tracing function instead of sys.settrace(None): From my initial comment: > I've done this via monkeypatching for pdbpp's tests, which resulted in an easy 2% cover... https://bugs.python.org/issue37011
T 1558914464 21Â«23-24-31-	21jdfthetech (~jdfthetec@cpe-104-174-3-76.socal.res.rr.com21) has Quit (Remote host closed the connection21)
T 1558914855 28<191604Not-e6c628>	[02cpython] 07ilevkivskyi closed pull request 03#13588: bpo-37045: Add one more test for typing.Final - 13https://git.io/fjRGf
T 1558914856 28<191604Not-e6c628>	[02python/cpython] 07ilevkivskyi pushed 031 commit to 03master [+0/-0/Â±1] 13https://git.io/fjRZd
T 1558914858 28<191604Not-e6c628>	[02python/cpython] 07ilevkivskyi 032f0bfd2 - Add one more test for typing.Final (GH-13588)
T 1558915361 28<191611irker55128>	03indygreg 10#37060/import ctypes fails with a statically linked interpreter due to dlopen() failure: [new] ctypes/__init__.py calls _ctypes.dlopen(None) on Linux as part of code execution during module import. Unfortun... https://bugs.python.org/issue37060
T 1558915638 31-26-25-19Â»	19the_bugyi_man (~bbugyi200@pool-173-72-22-163.cmdnnj.fios.verizon.net19) has Joined #python-dev
T 1558916043 28<191613py-bb28>	Build AMD64 Debian root 3.x #3011 is complete: Warnings [8warnings test (warnings)] - https://buildbot.python.org/all/#builders/27/builds/3011
T 1558916235 28<191611irker55128>	03pablogsal 10#37032/Add CodeType.replace() method: Is there anything more on this issue? https://bugs.python.org/issue37032
T 1558916384 31-26-25-19Â»	19bbugyi202 (~bbugyi200@pool-173-72-22-163.cmdnnj.fios.verizon.net19) has Joined #python-dev
T 1558916467 31-26-25-19Â»	19jdfthetech (~jdfthetec@cpe-104-174-3-76.socal.res.rr.com19) has Joined #python-dev
T 1558916467 31-26-25-19Â»	19jdfthetech (~jdfthetec@cpe-104-174-3-76.socal.res.rr.com19) has Joined #python-dev
